<?xml version="1.0" encoding="UTF-8"?>
<!-- Generated by org.testng.reporters.JUnitReportReporter -->
<testsuite hostname="Clairvoyant-094" name="graphQL.restAssuredFramework.TestClass" tests="1" failures="0" timestamp="13 Mar 2020 11:13:44 GMT" time="2.991" errors="0">
  <testcase name="graphQLAPITest" time="2.991" classname="graphQL.restAssuredFramework.TestClass"/>
</testsuite> <!-- graphQL.restAssuredFramework.TestClass -->
