<?xml version="1.0" encoding="UTF-8"?>
<!-- Generated by org.testng.reporters.JUnitReportReporter -->
<testsuite hostname="Clairvoyant-094" name="com.api.graphql.runner.RunCucumberTest" tests="1" failures="0" timestamp="26 Mar 2020 07:44:33 GMT" time="3.456" errors="0">
  <testcase name="feature" time="3.456" classname="com.api.graphql.runner.RunCucumberTest"/>
</testsuite> <!-- com.api.graphql.runner.RunCucumberTest -->
